New Node 0!
[P0] Rodada 0 -> lance 222
[P0] Enviando lance: R$ 222 | tentativa 0
[P0] CHEGADA | msg de P1 chegou
[P0] CHEGADA | msg de P4 chegou
[P0] CHEGADA | msg de P0 chegou
[P0] CHEGADA | msg de P2 chegou
[P0] Rodada 1 -> lance 428
[P0] Enviando lance: R$ 428 | tentativa 1
[P0] CHEGADA | msg de P3 chegou
[P0] ENTREGA #01 | Participante P4 deu lance R$ 435 | Maior atual: R$ 435 por P4
[P0] ENTREGA #02 | Participante P1 deu lance R$ 196 | Maior atual: R$ 435 por P4
[P0] ENTREGA #03 | Participante P0 deu lance R$ 222 | Maior atual: R$ 435 por P4
[P0] ENTREGA #04 | Participante P3 deu lance R$ 283 | Maior atual: R$ 435 por P4
[P0] ENTREGA #05 | Participante P2 deu lance R$ 406 | Maior atual: R$ 435 por P4
[P0] CHEGADA | msg de P4 chegou
[P0] CHEGADA | msg de P2 chegou
[P0] CHEGADA | msg de P1 chegou
[P0] CHEGADA | msg de P0 chegou
[P0] Rodada 2 -> lance 472
[P0] Enviando lance: R$ 472 | tentativa 2
[P0] CHEGADA | msg de P3 chegou
[P0] CHEGADA | msg de P0 chegou
[P0] Rodada 3 -> lance 216
[P0] Enviando lance: R$ 216 | tentativa 3
[P0] ENTREGA #06 | Participante P1 deu lance R$ 458 | Maior atual: R$ 458 por P1
[P0] ENTREGA #07 | Participante P0 deu lance R$ 428 | Maior atual: R$ 458 por P1
[P0] ENTREGA #08 | Participante P4 deu lance R$ 116 | Maior atual: R$ 458 por P1
[P0] ENTREGA #09 | Participante P2 deu lance R$ 493 | Maior atual: R$ 493 por P2
[P0] ENTREGA #10 | Participante P3 deu lance R$ 240 | Maior atual: R$ 493 por P2
[P0] ENTREGA #11 | Participante P0 deu lance R$ 472 | Maior atual: R$ 493 por P2
[P0] CHEGADA | msg de P1 chegou
[P0] CHEGADA | msg de P3 chegou
[P0] CHEGADA | msg de P4 chegou
[P0] CHEGADA | msg de P0 chegou
[P0] CHEGADA | msg de P2 chegou
[P0] CHEGADA | msg de P1 chegou
[P0] Rodada 4 -> lance 444
[P0] Enviando lance: R$ 444 | tentativa 4
[P0] CHEGADA | msg de P4 chegou
[P0] CHEGADA | msg de P3 chegou
[P0] CHEGADA | msg de P4 chegou
[P0] CHEGADA | msg de P0 chegou
[P0] CHEGADA | msg de P2 chegou
[P0] CHEGADA | msg de P1 chegou
[P0] CHEGADA | msg de P2 chegou
[P0] ENTREGA #12 | Participante P4 deu lance R$ 470 | Maior atual: R$ 493 por P2
[P0] ENTREGA #13 | Participante P1 deu lance R$ 487 | Maior atual: R$ 493 por P2
[P0] ENTREGA #14 | Participante P2 deu lance R$ 158 | Maior atual: R$ 493 por P2
[P0] ENTREGA #15 | Participante P0 deu lance R$ 216 | Maior atual: R$ 493 por P2
[P0] ENTREGA #16 | Participante P3 deu lance R$ 156 | Maior atual: R$ 493 por P2
[P0] ENTREGA #17 | Participante P4 deu lance R$ 151 | Maior atual: R$ 493 por P2
[P0] ENTREGA #18 | Participante P1 deu lance R$ 269 | Maior atual: R$ 493 por P2
[P0] ENTREGA #19 | Participante P4 deu lance R$ 205 | Maior atual: R$ 493 por P2
[P0] ENTREGA #20 | Participante P0 deu lance R$ 444 | Maior atual: R$ 493 por P2
[P0] ENTREGA #21 | Participante P2 deu lance R$ 207 | Maior atual: R$ 493 por P2
[P0] ENTREGA #22 | Participante P3 deu lance R$ 439 | Maior atual: R$ 493 por P2
[P0] ENTREGA #23 | Participante P2 deu lance R$ 390 | Maior atual: R$ 493 por P2
[P0] ENTREGA #24 | Participante P1 deu lance R$ 430 | Maior atual: R$ 493 por P2
[P0] CHEGADA | msg de P3 chegou
[P0] ENTREGA #25 | Participante P3 deu lance R$ 483 | Maior atual: R$ 493 por P2
