New Node 4!
[P4] Rodada 0 -> lance 435
[P4] Enviando lance: R$ 435 | tentativa 0
[P4] CHEGADA | msg de P4 chegou
[P4] CHEGADA | msg de P2 chegou
[P4] CHEGADA | msg de P1 chegou
[P4] CHEGADA | msg de P0 chegou
[P4] CHEGADA | msg de P3 chegou
[P4] Rodada 1 -> lance 116
[P4] Enviando lance: R$ 116 | tentativa 1
[P4] CHEGADA | msg de P4 chegou
[P4] CHEGADA | msg de P2 chegou
[P4] CHEGADA | msg de P0 chegou
[P4] CHEGADA | msg de P1 chegou
[P4] CHEGADA | msg de P0 chegou
[P4] Rodada 2 -> lance 470
[P4] Enviando lance: R$ 470 | tentativa 2
[P4] CHEGADA | msg de P3 chegou
[P4] ENTREGA #01 | Participante P4 deu lance R$ 435 | Maior atual: R$ 435 por P4
[P4] ENTREGA #02 | Participante P1 deu lance R$ 196 | Maior atual: R$ 435 por P4
[P4] ENTREGA #03 | Participante P0 deu lance R$ 222 | Maior atual: R$ 435 por P4
[P4] ENTREGA #04 | Participante P3 deu lance R$ 283 | Maior atual: R$ 435 por P4
[P4] ENTREGA #05 | Participante P2 deu lance R$ 406 | Maior atual: R$ 435 por P4
[P4] ENTREGA #06 | Participante P1 deu lance R$ 458 | Maior atual: R$ 458 por P1
[P4] ENTREGA #07 | Participante P0 deu lance R$ 428 | Maior atual: R$ 458 por P1
[P4] ENTREGA #08 | Participante P4 deu lance R$ 116 | Maior atual: R$ 458 por P1
[P4] ENTREGA #09 | Participante P2 deu lance R$ 493 | Maior atual: R$ 493 por P2
[P4] ENTREGA #10 | Participante P3 deu lance R$ 240 | Maior atual: R$ 493 por P2
[P4] ENTREGA #11 | Participante P0 deu lance R$ 472 | Maior atual: R$ 493 por P2
[P4] CHEGADA | msg de P4 chegou
[P4] CHEGADA | msg de P2 chegou
[P4] Rodada 3 -> lance 151
[P4] Enviando lance: R$ 151 | tentativa 3
[P4] CHEGADA | msg de P0 chegou
[P4] CHEGADA | msg de P1 chegou
[P4] CHEGADA | msg de P3 chegou
[P4] CHEGADA | msg de P4 chegou
[P4] Rodada 4 -> lance 205
[P4] Enviando lance: R$ 205 | tentativa 4
[P4] ENTREGA #12 | Participante P4 deu lance R$ 470 | Maior atual: R$ 493 por P2
[P4] ENTREGA #13 | Participante P1 deu lance R$ 487 | Maior atual: R$ 493 por P2
[P4] ENTREGA #14 | Participante P2 deu lance R$ 158 | Maior atual: R$ 493 por P2
[P4] ENTREGA #15 | Participante P0 deu lance R$ 216 | Maior atual: R$ 493 por P2
[P4] ENTREGA #16 | Participante P3 deu lance R$ 156 | Maior atual: R$ 493 por P2
[P4] ENTREGA #17 | Participante P4 deu lance R$ 151 | Maior atual: R$ 493 por P2
[P4] CHEGADA | msg de P2 chegou
[P4] CHEGADA | msg de P4 chegou
[P4] CHEGADA | msg de P1 chegou
[P4] CHEGADA | msg de P0 chegou
[P4] CHEGADA | msg de P3 chegou
[P4] CHEGADA | msg de P2 chegou
[P4] CHEGADA | msg de P1 chegou
[P4] ENTREGA #18 | Participante P1 deu lance R$ 269 | Maior atual: R$ 493 por P2
[P4] ENTREGA #19 | Participante P4 deu lance R$ 205 | Maior atual: R$ 493 por P2
[P4] ENTREGA #20 | Participante P0 deu lance R$ 444 | Maior atual: R$ 493 por P2
[P4] ENTREGA #21 | Participante P2 deu lance R$ 207 | Maior atual: R$ 493 por P2
[P4] ENTREGA #22 | Participante P3 deu lance R$ 439 | Maior atual: R$ 493 por P2
[P4] ENTREGA #23 | Participante P2 deu lance R$ 390 | Maior atual: R$ 493 por P2
[P4] ENTREGA #24 | Participante P1 deu lance R$ 430 | Maior atual: R$ 493 por P2
[P4] CHEGADA | msg de P3 chegou
[P4] ENTREGA #25 | Participante P3 deu lance R$ 483 | Maior atual: R$ 493 por P2
